Performing C++ SOURCE FILE Test CMAKE_HAVE_LIBC_PTHREAD failed with the following output:
Change Dir: /home/tobi/VSP/vslab-caf/cmake-build-debug/CMakeFiles/CMakeTmp

Run Build Command(s):/usr/bin/make -f Makefile cmTC_664d6/fast && /usr/bin/make  -f CMakeFiles/cmTC_664d6.dir/build.make CMakeFiles/cmTC_664d6.dir/build
make[1]: Verzeichnis „/home/tobi/VSP/vslab-caf/cmake-build-debug/CMakeFiles/CMakeTmp“ wird betreten
Building CXX object CMakeFiles/cmTC_664d6.dir/src.cxx.o
/usr/bin/c++ -DCMAKE_HAVE_LIBC_PTHREAD  -std=gnu++17 -o CMakeFiles/cmTC_664d6.dir/src.cxx.o -c /home/tobi/VSP/vslab-caf/cmake-build-debug/CMakeFiles/CMakeTmp/src.cxx
Linking CXX executable cmTC_664d6
/opt/clion-2021.2.3/bin/cmake/linux/bin/cmake -E cmake_link_script CMakeFiles/cmTC_664d6.dir/link.txt --verbose=1
/usr/bin/c++ CMakeFiles/cmTC_664d6.dir/src.cxx.o -o cmTC_664d6 
/usr/bin/ld: CMakeFiles/cmTC_664d6.dir/src.cxx.o: in function `main':
src.cxx:(.text+0x46): undefined reference to `pthread_create'
/usr/bin/ld: src.cxx:(.text+0x52): undefined reference to `pthread_detach'
/usr/bin/ld: src.cxx:(.text+0x5e): undefined reference to `pthread_cancel'
/usr/bin/ld: src.cxx:(.text+0x6f): undefined reference to `pthread_join'
collect2: error: ld returned 1 exit status
make[1]: *** [CMakeFiles/cmTC_664d6.dir/build.make:99: cmTC_664d6] Fehler 1
make[1]: Verzeichnis „/home/tobi/VSP/vslab-caf/cmake-build-debug/CMakeFiles/CMakeTmp“ wird verlassen
make: *** [Makefile:127: cmTC_664d6/fast] Fehler 2


Source file was:
#include <pthread.h>

static void* test_func(void* data)
{
  return data;
}

int main(void)
{
  pthread_t thread;
  pthread_create(&thread, NULL, test_func, NULL);
  pthread_detach(thread);
  pthread_cancel(thread);
  pthread_join(thread, NULL);
  pthread_atfork(NULL, NULL, NULL);
  pthread_exit(NULL);

  return 0;
}

